<?xml version="1.0" encoding="UTF-8"?>
<testsuite name="org.apache.bigtop.datagenerators.bigpetstore.datamodels.TestProduct" tests="3" skipped="0" failures="0" errors="0" timestamp="2017-01-31T05:10:51" hostname="LAPTOP-ATT7P04Q" time="0.015">
  <properties/>
  <testcase name="testLong" classname="org.apache.bigtop.datagenerators.bigpetstore.datamodels.TestProduct" time="0.015"/>
  <testcase name="testDouble" classname="org.apache.bigtop.datagenerators.bigpetstore.datamodels.TestProduct" time="0.0"/>
  <testcase name="testString" classname="org.apache.bigtop.datagenerators.bigpetstore.datamodels.TestProduct" time="0.0"/>
  <system-out><![CDATA[]]></system-out>
  <system-err><![CDATA[]]></system-err>
</testsuite>
