<?xml version="1.0" encoding="UTF-8"?>
<testsuite name="org.apache.bigtop.datagenerators.bigpetstore.generators.store.TestStoreSampler" tests="1" skipped="0" failures="0" errors="0" timestamp="2017-01-31T05:10:51" hostname="LAPTOP-ATT7P04Q" time="0.015">
  <properties/>
  <testcase name="testSampler" classname="org.apache.bigtop.datagenerators.bigpetstore.generators.store.TestStoreSampler" time="0.015"/>
  <system-out><![CDATA[]]></system-out>
  <system-err><![CDATA[]]></system-err>
</testsuite>
