<?xml version="1.0" encoding="UTF-8"?>
<testsuite name="org.apache.bigtop.datagenerators.bigpetstore.generators.transaction.TestCustomerTransactionParameters" tests="2" skipped="0" failures="0" errors="0" timestamp="2017-01-31T05:10:52" hostname="LAPTOP-ATT7P04Q" time="0.0">
  <properties/>
  <testcase name="testCountPetsByMultipleSpecies" classname="org.apache.bigtop.datagenerators.bigpetstore.generators.transaction.TestCustomerTransactionParameters" time="0.0"/>
  <testcase name="testCountPetsBySpecies" classname="org.apache.bigtop.datagenerators.bigpetstore.generators.transaction.TestCustomerTransactionParameters" time="0.0"/>
  <system-out><![CDATA[]]></system-out>
  <system-err><![CDATA[]]></system-err>
</testsuite>
