<?xml version="1.0" encoding="UTF-8"?>
<testsuite name="org.apache.bigtop.datagenerators.bigpetstore.generators.store.TestStoreLocationPopulationPDF" tests="1" skipped="0" failures="0" errors="0" timestamp="2017-01-31T05:10:51" hostname="LAPTOP-ATT7P04Q" time="0.0">
  <properties/>
  <testcase name="testProbability" classname="org.apache.bigtop.datagenerators.bigpetstore.generators.store.TestStoreLocationPopulationPDF" time="0.0"/>
  <system-out><![CDATA[]]></system-out>
  <system-err><![CDATA[]]></system-err>
</testsuite>
